Array
(
    [0] => SSS-1
)
Array
(
    [0] => SSS-2
)
Array
(
    [0] => 1
)
Array
(
    [0] => SSS-1
)
Array
(
    [0] => SSS-2
)
Array
(
    [0] => 
)
Array
(
    [0] => SSS-1
)
Array
(
    [0] => SSS-2
)
Array
(
    [0] => 1
)
Array
(
    [0] => SSS-1
)
Array
(
    [0] => SSS-2
)
Array
(
    [0] => 1
)
Array
(
    [0] => SSS-1
)
Array
(
    [0] => SSS-2
)
Array
(
    [0] => 
)
Array
(
    [0] => SSS-1
)
Array
(
    [0] => SSS-2
)
Array
(
    [0] => 
)
Array
(
    [0] => SSS-1
)
Array
(
    [0] => SSS-2
)
Array
(
    [0] => 
)
Array
(
    [0] => SSS-1
)
Array
(
    [0] => SSS-2
)
Array
(
    [0] => 1
)
Array
(
    [0] => SSS-1
)
Array
(
    [0] => SSS-2
)
Array
(
    [0] => 1
)
Array
(
    [0] => SSS-1
)
Array
(
    [0] => SSS-2
)
Array
(
    [0] => 1
)
